9.993436219622372882e+05
9.071651269153646426e+05
8.234890876428358024e+05
7.475312457972137490e+05
6.785796822671419941e+05
6.159881446757473750e+05
5.591699903441722272e+05
5.075926879503337550e+05
4.607728263493890991e+05
4.182715837758056587e+05
3.796906149618749041e+05
3.446683176244634087e+05
3.128764433274350595e+05
2.840170209548660205e+05
2.578195639601338480e+05
2.340385352156645095e+05
2.124510457025032374e+05
1.928547654705460300e+05
1.750660272897921968e+05
1.589181052189815964e+05
1.442596519574068661e+05
1.309532803338914528e+05
1.188742756378616614e+05
1.079094267237618333e+05
9.795596493327575445e+04
8.892060089034115663e+04
8.071865014126742608e+04
7.327323944496715558e+04
6.651458627421481651e+04
6.037934477501591027e+04
5.481001205405564542e+04
4.975438922962267679e+04
4.516509219467723597e+04
4.099910750666377135e+04
3.721738924162035983e+04
3.378449303407758271e+04
3.066824387276510242e+04
2.783943453852310995e+04
2.527155185801108746e+04
2.294052820751093168e+04
2.082451593778076131e+04
1.890368260574316810e+04
1.716002509380580523e+04
1.557720087463711752e+04
1.414037483991696718e+04
1.283608025745604755e+04
1.165209255349701743e+04
1.057731473721471048e+04
9.601673393550447145e+03
8.716024269567215015e+03
7.912066569428832736e+03
7.182265154727679146e+03
6.519779920979509370e+03
5.918401688362521782e+03
5.372494005832932089e+03
4.876940323173083016e+03
4.427096035838957505e+03
4.018744953144970168e+03
3.648059781781448237e+03
3.311566254294517876e+03
3.006110566320544422e+03
2.728829817378715234e+03
2.477125178176538157e+03
2.248637532937271772e+03
2.041225368455673106e+03
1.852944702645958614e+03
1.682030864461243709e+03
1.526881954415680639e+03
1.386043830692122810e+03
1.258196480116816929e+03
1.142141646262257382e+03
1.036791598721963055e+03
9.411589382965356663e+02
8.543473425395704908e+02
7.755431649255075399e+02
7.040078089021691312e+02
6.390708053533528528e+02
5.801235285896349296e+02
5.266134919701237322e+02
4.780391696905962817e+02
4.339452962049043094e+02
3.939185992232443709e+02
3.575839262945535211e+02
3.246007286692330922e+02
2.946598694869862811e+02
2.674807263743434191e+02
2.428085612958107617e+02
2.204121330074135869e+02
2.000815297352369555e+02
1.816262017656076182e+02
1.648731755072721228e+02
1.496654322867591418e+02
1.358604366820996461e+02
1.233288006016324516e+02
