4.487794857246724689e+01
4.830042019045151847e+01
5.433427911153525258e+01
5.510428981075642696e+01
7.499957235940134126e+01
6.812399252149205608e+01
6.785137463320995721e+01
8.245970272303264892e+01
6.370508577627171576e+01
5.897808970307689691e+01
6.378316745893030770e+01
6.920115991531517352e+01
7.700932994673289045e+01
6.448888492881638967e+01
5.967445536266187389e+01
6.477325690704773820e+01
5.857304255590420894e+01
6.616263488427406969e+01
5.583517928370683592e+01
5.917423485581119280e+01
5.442124217385866558e+01
5.495750561161692360e+01
4.984011782261859480e+01
4.946239113108546803e+01
4.676761771188850503e+01
4.738269303076999250e+01
5.046027075204953860e+01
3.475462260437345918e+01
4.377646257677817232e+01
3.482124989000507753e+01
3.419753940675663273e+01
3.223308942174178782e+01
3.854779661879061337e+01
3.560749397569702523e+01
3.223742529500583487e+01
2.691236599073452140e+01
2.626217596146208422e+01
2.707513190459838626e+01
3.417289034209396448e+01
2.880247459587654291e+01
3.220328086018296432e+01
2.742523249269683205e+01
2.364470420887428048e+01
2.821644767785294761e+01
2.408832963906790781e+01
1.626264507327600128e+01
1.270008869142657737e+01
2.614305955229436051e+01
1.998431205668013178e+01
1.934702159165610880e+01
2.193620952990078621e+01
2.195384601542587433e+01
1.304833878444828699e+01
1.720330270648669924e+01
2.825334845564498920e+01
1.823618276872468158e+01
1.429557720250191544e+01
1.969754263070083766e+01
1.651578111493398282e+01
1.108768407575685444e+01
1.193118883544961939e+01
1.155787408380595949e+01
1.265086344917816064e+01
1.491913961023070456e+01
7.248518770260112376e+00
1.464056898095327419e+01
1.627702644880536553e+01
1.237403670378400555e+01
6.397389237238364501e+00
7.964838522736642723e+00
1.162342002168997368e+01
7.952248696311777998e+00
4.377406562990000971e+00
6.989641294648303749e+00
1.000637106711962687e+01
9.118096007195067187e+00
1.178964019408073938e+01
9.846590255214403342e+00
9.826845173920444765e+00
1.024063865541946328e+01
6.787545891378876206e+00
2.084378767120921516e+00
5.948185722950075416e+00
6.259223321644254767e+00
1.101101902147348710e+01
8.757518376605517574e+00
1.046340210999783515e+01
7.067320109815565132e+00
6.948037368652451029e+00
5.691717152656368128e+00
4.502564333908259719e+00
4.457101398588573460e+00
3.990650085515092371e+00
5.374364544534963706e+00
7.869651404978437625e+00
7.171660236004568034e+00
6.400494818382032491e+00
2.463187476026138967e+00
4.862241011658738010e+00
2.248596746710997074e+00
1.009325072897131914e+00
4.058661187257576408e+00
1.491026514754287380e+00
3.793034373003988158e+00
2.254035328607608690e+00
4.349585599880880338e+00
5.016671141987744775e+00
2.364625197307061555e+00
4.965538564489876627e+00
5.601649077350822736e+00
4.458604391687547519e+00
2.121045193352167679e+00
4.205042823146077247e+00
3.670278099993720566e+00
3.516717304494250129e+00
3.922574030676575951e+00
1.925727315511194915e+00
2.515174416727336215e+00
2.193896458472238020e+00
2.857839243466257173e+00
4.062978672352135057e+00
9.314436209063308159e-01
2.758035542523915140e+00
2.763972999340082559e+00
6.283547560241287133e-01
2.354408106817642121e+00
1.876710923221783567e+00
1.317816563001517505e+00
1.655693347514330505e+00
9.051285112369755748e-01
3.852271372838553365e+00
1.700223358135201757e+00
1.631944201534581529e+00
2.617032536845332658e+00
2.766189493040465575e+00
2.643568167175049055e+00
1.910663161269237298e+00
2.043904992923028630e+00
3.196737750050613336e+00
1.658965769498428555e+00
2.410234353549244091e+00
6.603164873721159012e-01
1.681826886371038832e+00
1.179939587042903915e+00
9.834990623287789280e-01
9.774623323542402931e-01
5.583401194469191919e-01
1.226297119609061514e+00
4.687703738898320038e-01
4.245713969355047190e-02
8.313813390024441530e-01
1.790662772998400154e+00
5.310254779342308273e-01
1.481259849660271133e+00
3.063426138990797298e+00
5.236048649509039699e-02
2.522117823239277135e-01
1.008082101388142249e+00
7.469310497308743191e-01
1.332336172073360636e+00
9.427499334534926723e-01
1.338738065074128070e+00
1.008093005032393963e+00
1.036390254818343681e+00
8.604253805856416637e-01
6.223472675497152551e-01
1.113385085618536774e+00
2.214000346872954328e+00
1.592306562675778636e+00
2.045013104629438860e+00
1.240040704628642576e+00
1.064116415751990452e+00
1.192896829321701713e+00
5.538784582637489295e-01
1.503775471625983018e+00
5.774425382205988777e-01
9.454295924254700889e-01
3.863954154068116598e-02
1.184894671099260499e+00
4.661031139263183132e-01
5.347671156055903152e-01
7.254233637314211336e-01
8.146714602669080652e-02
5.140204706724427197e-01
8.269373364932152137e-01
3.032841466711801437e-01
6.653060917263160512e-01
1.179694115948595190e+00
4.316720370257727812e-01
1.019730167641354379e+00
1.206247583936014944e+00
3.246672009900731792e-01
9.644983676578372522e-02
6.440916343677380862e-01
3.412621126542021432e-01
1.461415784776086690e+00
7.260224607055002499e-01
4.391556643915097702e-01
2.154782332923241284e-01
2.827048756381697059e-01
7.728307663301256514e-02
1.842863006009151372e-01
9.397006278871455898e-02
3.916564367190108475e-01
3.623027466005007691e-01
7.912315367085644979e-01
2.625747372549670500e-01
2.477880503923404198e-01
4.924654206329617256e-01
2.686084393022992178e-01
7.697110388736247977e-01
5.438376669350585280e-01
9.659140379343275074e-01
1.747939893992860039e-01
1.983241763921372580e-01
3.118291990632453548e-01
5.053761430962664392e-01
6.731153651305566976e-01
1.581949726161973602e-01
2.500910845166109953e-02
5.338395967503546391e-01
4.801184440173758561e-01
2.050023782747219525e-01
3.732425121297173742e-01
2.279830532679178456e-01
1.063488368054984756e-01
7.094042392184389811e-01
3.448374610899679338e-01
4.517643263393306130e-01
7.242803701186644183e-01
2.887253334120460924e-01
6.920746085822055971e-01
2.701643590409796292e-01
4.414504746728241669e-01
9.262200424390448772e-02
5.085294957368483026e-02
5.306297747114725460e-01
4.775385268980271436e-02
1.074905026819040488e-01
6.217628058783921663e-01
3.305452897438215798e-01
1.228242990760336495e-02
2.567215604467515955e-01
1.404557980690062102e-01
1.844451969322130347e-01
5.578015412979271392e-01
1.276002334998626309e-01
3.365386640748001534e-01
4.122909870924507669e-01
5.590110079077901251e-01
8.279066983090467569e-02
3.157942950633524370e-01
7.349120941468612056e-01
7.662966734004761360e-02
2.496530451544090035e-01
7.299938045578313606e-02
1.476461704238547779e-01
4.427826557340653890e-01
8.694853252758841800e-01
2.663975691400629064e-01
2.201538053914778859e-01
2.138964087015545745e-01
2.996648100378897506e-01
1.879786594830122892e-01
2.027000636178195037e-01
4.095100988691534050e-01
2.319292955342554530e-01
1.783954741372175135e-01
3.653027162423275187e-02
3.024551356281663939e-01
4.545802501406916996e-01
4.503314359373901121e-01
1.664535295261849179e-01
9.593977114412516327e-02
2.087853623360899635e-01
5.239387688343850186e-02
3.332186849154549213e-01
3.089514160137633164e-02
3.382232731739504561e-01
2.180487516421248384e-01
4.501243206520771922e-01
3.826284105305854250e-02
2.326027608186870266e-01
9.281021377981542309e-02
7.053763397516008005e-02
1.113723058202937544e-01
2.664765258693479466e-01
4.379080050726985585e-02
4.289554577788393108e-02
4.165259573752714273e-01
2.309063331822574228e-01
3.217660593472969621e-01
1.901392397986471638e-01
1.570751155582918723e-01
3.951127210628897768e-02
2.487860327887562312e-02
1.950294505372467124e-01
1.861256026323149793e-01
3.418586141079124063e-01
5.238005575808597492e-01
2.495615934290839055e-01
3.155842065227066895e-01
1.938569194737662371e-01
7.670849495213757918e-02
2.472172718378639611e-01
5.467978164542958847e-02
2.607514976005284035e-01
6.440108891309642702e-01
3.315140097175665185e-02
2.301516654845160437e-01
1.105372233447257241e-01
1.678645360177445645e-02
9.114354459323295576e-02
2.460950107418886368e-01
1.897494127165473832e-01
4.984412254303599576e-03
6.681947711042203475e-02
4.114394949798737544e-01
3.604250700914778810e-02
7.868063560895220687e-03
1.458801029520748888e-02
9.417856009567988906e-02
6.313589431689778375e-02
1.262695172312888192e-01
6.289811300138843653e-02
2.022900434240530038e-02
1.995934910361253367e-01
2.678317692793323324e-01
5.970357219082124411e-02
6.858550362723134231e-03
1.887345622406496476e-02
1.501283004034034696e-02
3.021224050134863615e-01
5.767959691032543967e-02
1.231784985015041411e-01
1.202385537282362193e-01
1.779049034202909996e-01
9.002409588536028351e-02
1.494894953317977768e-02
3.122562269867352330e-02
2.453854278845140624e-01
6.040091960133032317e-02
1.061777621220413859e-02
3.122097313301306840e-02
6.293940862146855247e-03
6.006523011802700207e-02
7.834062338388718405e-02
1.209501616835833432e-02
5.631176515731900478e-02
6.051521128356292245e-02
1.465109375884788845e-01
2.624984090733415432e-01
1.264522732900628665e-01
7.360645838837706623e-02
1.104325858116591008e-01
2.829802263062212650e-02
4.808457324439158187e-02
1.559574702869396395e-02
1.071325912084300780e-01
8.671883023050648565e-02
3.858651402448270290e-02
1.413199745590630607e-01
1.514115522158781535e-01
3.363738676893831409e-02
7.191144373944771684e-02
8.159929534867488288e-02
8.603820411623597231e-02
8.535146307414609446e-02
2.559221681805600238e-02
1.537166579371813946e-01
