1.926101901105319314e+01
2.461695333481451087e+01
2.616097980435166193e+01
2.142281536053177859e+01
2.792295966418356912e+01
3.075125803299362914e+01
3.632041947422760586e+01
3.215486716619298591e+01
3.206422870273674164e+01
3.878093044890202634e+01
2.876390675445994560e+01
2.745432700697988082e+01
2.948933375247437993e+01
3.154517041376190178e+01
2.633382071096986721e+01
2.414993005033587181e+01
2.788302878810257823e+01
3.471126751807000232e+01
2.434978980253915992e+01
2.426975808126455547e+01
2.813471225574958012e+01
2.537207473129488022e+01
2.177085851618014800e+01
2.696475461190333078e+01
2.184561944726445404e+01
2.500476830917038029e+01
2.143692182052014772e+01
2.441617158832860213e+01
2.299567113748928193e+01
2.008047257388589557e+01
1.388268690824633822e+01
1.927791336346294315e+01
2.199427715370887881e+01
2.037541645072404251e+01
1.435261733428469810e+01
1.096902234521012787e+01
1.565699422709579736e+01
1.626184226499296059e+01
1.600589064180202925e+01
1.305387965151725282e+01
1.038043154243623434e+01
1.016329829072822122e+01
1.420269998976968218e+01
1.705835034630477054e+01
1.022281450031461958e+01
1.038185731867641870e+01
1.002218102633516139e+01
1.192714918837009463e+01
8.776789597881894167e+00
1.028390223219179056e+01
1.148891914936500669e+01
6.843483004803214698e+00
1.002457913820195401e+01
6.682834909622674679e+00
1.047485647086818616e+01
8.578141765822410392e+00
5.832172318020974799e+00
1.047940504968738296e+01
3.448995178412939566e+00
6.970237103521824018e+00
5.325701099337080358e+00
6.610195638211219915e+00
2.813497780920938940e+00
7.316276938640989158e+00
8.107443520507084500e+00
4.360630435499826874e+00
4.698273103481419355e+00
2.425271785512277400e+00
3.669160609627278191e+00
6.398355842770106605e+00
3.461437004268772100e+00
7.239697631822590296e+00
2.205047361117879134e+00
4.878301932496706073e+00
3.263452606325222938e+00
5.241715391195517881e+00
3.799992530143913250e+00
4.171258688421666250e-01
4.301883405960548856e+00
3.538870741126744157e+00
1.208052019506204999e+00
5.087868982983724919e+00
3.367350067232115940e+00
5.160190136011243212e+00
4.431882240553161267e+00
3.746035291754622687e+00
2.040372544686097633e+00
1.340329492252398280e+00
5.258760966461838215e+00
2.863449044633871399e+00
1.792631232607478031e+00
1.661257101149041127e+00
1.628244679309807763e+00
3.424062809951715636e+00
2.369056976692625938e+00
3.295036239858859517e+00
2.350709462439396269e+00
3.091708608075777853e+00
1.132718462448972563e+00
3.632307984150894953e+00
1.044386282714457437e+00
2.355002911636090879e+00
1.491363149603464500e+00
2.035346909390741033e+00
2.141279419317078325e+00
2.874286198532223224e+00
2.766721370156157711e-01
3.692589317103492252e+00
9.264431541760266287e-01
2.924893549711407026e-01
8.315918472436645281e-01
1.351665060831148901e+00
1.341874184956607152e+00
3.365214797726046037e-02
4.073374031349602520e-01
1.515778852257968712e+00
1.290311906915119211e+00
1.304932456051562717e+00
1.429430716670728518e+00
1.555983767315733513e+00
1.605402718560193787e+00
3.439185329327765217e-01
1.098711643283467598e+00
1.616519174525325564e+00
1.694576309016516680e-01
9.107061106298539599e-01
5.201545323326243198e-01
4.631632400348821843e-01
1.042763183942543304e+00
1.388862261829582723e+00
1.089231285851376962e-01
1.984550408002379918e+00
1.246000092330299847e+00
8.687506548028754993e-01
7.715660316389165718e-01
1.182082962260694980e+00
1.159525028175761641e+00
7.145608587664887823e-01
1.537290832992841860e+00
7.750394677978300617e-02
1.457651514595219355e+00
1.285477551470570301e+00
1.126423397932636572e+00
6.572462416564770482e-01
8.128672226131450351e-01
7.721346990957546064e-01
9.176227290108394108e-01
4.305777718881872440e-01
7.258671523773746470e-01
1.309409104404146262e+00
8.436799774419070364e-01
7.365806236977900934e-02
3.184640391737991738e-02
1.214740526012281219e+00
2.951438961100377734e-01
5.290752632372728304e-01
2.521427170253878192e-01
4.089099367944748487e-01
1.002209538071013872e+00
1.298226970028278249e+00
7.392510573623028991e-01
8.979009102995947345e-01
6.302738873015431009e-01
2.915907221745806521e-01
6.376221557852685962e-01
6.958276961470897248e-01
1.636914288315055033e-01
6.424142028686918859e-01
4.706362606810659543e-01
7.273062849795820517e-01
6.425697847630347237e-01
5.033944455643362126e-01
6.662550151621281502e-01
4.030028843736586097e-01
4.455338850749173130e-01
2.002522069916358727e-01
4.822679696606425592e-01
4.356890195873541760e-02
1.616096117513942387e-01
3.904626037153167140e-01
1.227115845541139505e+00
5.879364339662904726e-01
7.166527079473427042e-01
2.348063945162897903e-01
7.802710058918091440e-02
1.428401148835377887e-01
2.681168199365464577e-01
1.473296919027821117e-01
6.042599282089350377e-02
3.894325995498146842e-01
5.825033468161132655e-01
5.505838419459252453e-01
3.829745958264983430e-01
5.544615465634651352e-01
2.105568621571673460e-01
1.239582717156858305e+00
1.835955379677800536e-01
2.954564256764497521e-01
1.050862993626659192e-01
4.689559210821589441e-01
2.650830114674112559e-01
6.631632739052389924e-02
3.712425968037071922e-01
2.675727844230322838e-01
4.608759502313099221e-02
2.445840959446141105e-02
2.963590354914752423e-02
1.835324595310012796e-01
7.498440461391153722e-02
3.410169180106403242e-01
4.697774303534288931e-01
1.648867174399272773e-01
2.325672276590520782e-01
2.049620223853292900e-01
4.347757898214064110e-01
3.181775498883934183e-01
2.817333182270470582e-01
4.451234456967512743e-01
1.804700616337902574e-01
3.012411933538206577e-01
6.475029551216641976e-02
4.414234893756346922e-01
1.841531005674291177e-01
1.030140382149911660e-01
4.335521705600676179e-01
1.705936730288545311e-01
4.620735687931493696e-01
5.804052844270074507e-02
2.131479025127569205e-01
8.897804383052700106e-02
8.700080671069962412e-03
2.828743130826217311e-01
4.748984590913459258e-01
2.262726550222151634e-01
4.214090428805325472e-02
6.228525972205987138e-01
3.849477876436014911e-01
3.098674361135390076e-01
2.761282442165303719e-01
3.627433998638208285e-02
2.037484196335697106e-01
1.895224923280165175e-01
1.606390044843762910e-01
2.344149043220849493e-01
3.613165735714250482e-01
3.064730953258402169e-01
1.210343770228231725e-01
1.037454630623731999e-01
1.040396303751842944e-01
2.986505360856084312e-01
8.326639278527016297e-02
1.535136075511647213e-01
9.410370014811174355e-02
1.196229711514223693e-01
2.015729608285946051e-01
2.709956777357245272e-01
2.312235275987274408e-01
2.310532142527574329e-01
2.143917591156183078e-02
3.168652054849230293e-01
2.402998112997491997e-01
1.918975239038325509e-01
2.874612168999967632e-01
2.201887037282260207e-03
5.317452163460800740e-02
1.691980304190064677e-02
5.034589985807493701e-03
1.885424539326828186e-01
1.171250892180850239e-01
1.796703315867618014e-02
4.741687114508147394e-03
2.589602024345948883e-01
6.256273764150738215e-02
2.206871355714527805e-02
7.279361938414806443e-02
2.712613823931168122e-01
9.199356022701711544e-02
7.528636814177107339e-02
1.613891365610630180e-01
2.278706428575416609e-02
1.047491416216510818e-01
5.182239194091737416e-02
2.705600436077157389e-01
7.314083853808320268e-02
1.788749153709146000e-01
6.373752865276767487e-02
7.653731983475534073e-02
9.195065266988386443e-02
1.536874122314384472e-01
2.716991748965322806e-01
2.653211282407851312e-01
1.486128193254652174e-01
5.765753822424268121e-02
3.240644353927166210e-03
4.274570557806311316e-02
7.669272790375616933e-02
1.499921531517172946e-01
2.079647552137066369e-01
1.867234798492296149e-02
1.453628914947837636e-01
4.027365698389152038e-01
7.542412369734032007e-02
4.932046212466163759e-02
1.917333115641699504e-01
9.370715782242738934e-02
6.636573367755552177e-02
1.085174155376509159e-01
1.515476578387606188e-02
7.713277684062493089e-02
7.642014399123342461e-02
1.047605186285107265e-01
2.422589341812153019e-01
4.506034571998705079e-02
1.062884660732075354e-01
1.089165783003449434e-01
2.169363969362197719e-01
1.000344906786650445e-01
2.526667270832630430e-01
3.556274690726544951e-02
6.376087428393399648e-02
6.862547007328544113e-02
7.731285979444983691e-02
1.333738854344534985e-01
9.079289153441583160e-02
1.327181468607431004e-02
3.818038607838510068e-02
1.372292788542646136e-01
1.094379681915948720e-02
1.889149045180596731e-01
1.573540986578791656e-01
1.979581717823952758e-02
1.689459777069871327e-01
8.276770666317805059e-02
9.839984553732097905e-02
6.375928406907754864e-02
8.400051185418362654e-02
3.150827310031949907e-02
1.018410989552025053e-01
5.506407722186097004e-03
1.415359054464641886e-01
4.418973037862927028e-02
4.787892838762163039e-02
1.160398603118583810e-01
1.377982908915811877e-01
1.266052071994960004e-01
8.630726905280391992e-02
2.679449992318388291e-02
2.454066258476918921e-02
5.585842347107551620e-04
1.741823751948350374e-01
7.756528144865952601e-02
6.769389114834674370e-02
3.292080037636177514e-02
9.046218231012858116e-03
1.801718679456381159e-02
2.130796806503074681e-01
2.061485990871036317e-03
1.014600779423137922e-01
7.334899535800404324e-02
2.799043711918341656e-02
3.784932987321122655e-02
1.545579433790901513e-02
1.092935110244482311e-01
1.176133881496173178e-01
2.945589670189410411e-02
1.007365911113394935e-01
8.856553693714334929e-02
1.521824092496736058e-01
7.907540168322454988e-02
1.829253946339516601e-03
