2.714723045509047097e+02
2.983564255282082627e+02
2.985029682088998015e+02
3.185869510074805930e+02
3.430460674213193784e+02
3.760259360756151636e+02
3.419576364142475313e+02
3.572901067872844578e+02
3.739932503407987952e+02
3.791295542491897095e+02
3.871715407062608847e+02
3.721637165275221264e+02
3.850701063790729108e+02
3.656613224129447985e+02
3.581170464518206700e+02
3.668775100697001790e+02
3.532009435082649134e+02
3.355614882358295290e+02
3.394970674205333125e+02
3.366806173903860326e+02
3.173874355962956315e+02
2.928574001287758506e+02
2.946073306666125973e+02
2.871158910312941543e+02
2.657006802180703176e+02
2.491655250717095100e+02
2.679339773789843093e+02
2.481846198189886081e+02
2.478224310246139908e+02
2.266054505347372583e+02
2.105711603102191987e+02
2.080679612920130808e+02
1.948151971151337136e+02
1.735338291247443863e+02
1.936959283451266458e+02
1.857303935103902859e+02
1.776033956978264428e+02
1.736923757996420079e+02
1.525655758745979824e+02
1.541895207222021327e+02
1.352063060445956921e+02
1.476071048167353865e+02
1.342862027333049184e+02
1.395375468504874448e+02
1.351771592370407689e+02
1.192649144753904977e+02
1.297348963171524474e+02
1.129478430520615859e+02
1.138601360103482989e+02
9.296110590854578959e+01
1.014759377283447748e+02
1.103710812926454707e+02
7.676799065157950963e+01
9.253085977646574634e+01
8.529520827771875702e+01
7.465126567177546235e+01
8.468827986635096750e+01
9.294446836964445424e+01
8.107807388462778420e+01
7.294095516001320334e+01
8.267148051616510429e+01
7.629616947334453414e+01
7.531456597967340372e+01
7.412944618997410373e+01
5.997452161825728467e+01
6.283018187301085788e+01
6.435064786650985980e+01
4.784587656906676045e+01
5.618010741482687820e+01
5.311042134783004087e+01
5.817862333999715929e+01
5.998306699382246165e+01
5.251798246458761810e+01
4.647725323660291963e+01
5.032220561538881753e+01
4.459147789732285361e+01
4.221073522709900772e+01
3.990510337783551620e+01
5.232245843408159658e+01
4.323313527766929809e+01
3.920355594272541566e+01
4.344891386383815757e+01
4.072842021993963613e+01
4.029822515243508008e+01
3.720842618039358740e+01
3.491379622310623176e+01
2.984281362899654866e+01
2.851945359824017245e+01
3.658240472478791361e+01
2.668468822146386543e+01
3.197964119434214325e+01
2.644854311097100918e+01
2.624392920304963894e+01
3.233892658716674617e+01
2.997893022203554025e+01
2.375817914690242816e+01
2.201249206882446074e+01
2.799681866891096860e+01
3.349705055330521475e+01
2.479407494827831115e+01
2.886970223062338192e+01
2.171964255804844868e+01
2.323384946981342836e+01
2.833294153330008314e+01
1.977966622842433964e+01
2.396601792449147439e+01
1.652525369707420566e+01
1.789181600963317464e+01
2.264703945116235673e+01
2.358431105849626874e+01
1.613097462707403551e+01
2.008556822068109682e+01
2.010642981072401625e+01
1.555285684668279877e+01
1.716348150791826299e+01
1.841576011697201665e+01
2.179533501458910294e+01
1.667006152847048384e+01
1.445000722411343830e+01
1.294696279359320279e+01
1.523809765475059841e+01
1.770822537499969584e+01
1.021572746078613569e+01
1.527817596965940794e+01
1.347355430375396246e+01
1.082166938274738754e+01
1.200980650061502431e+01
6.602871115502053634e+00
1.172375252298811077e+01
1.393203381310341982e+01
1.381734321823213563e+01
1.106850689485441208e+01
9.120575467606055753e+00
1.220074706569358547e+01
8.106906671337203107e+00
6.328070049801407748e+00
8.302397736893396996e+00
1.047475756011513504e+01
9.621261499117789384e+00
8.356861564840885492e+00
6.597459223547925689e+00
1.698863788548913512e+00
6.806001640883399872e+00
1.032278693936240899e+01
8.947242088124321313e+00
8.402924342743995467e+00
9.055790332525155861e+00
8.176838844345224899e+00
9.434038811210767150e+00
7.894760139080638339e+00
6.071579459665045420e+00
5.359752324332167639e+00
7.829262765445963446e+00
5.782565498374353297e+00
6.373029595153848703e+00
5.649311692513680150e+00
2.551802334576773745e+00
6.271871969030964777e+00
5.941093856965101949e+00
5.294132613393322195e+00
5.135041948423973324e+00
5.980750495694726609e+00
7.625146837421805657e+00
7.209320016030130063e+00
5.968160382230685457e+00
7.182661717601487084e+00
5.279735202465831279e+00
5.115387221241712190e+00
2.015286552798388087e+00
3.252340607389648586e+00
2.615829247748444608e+00
5.127296313646006354e+00
3.362956145531200924e+00
5.348662471717187117e+00
2.916110884732330710e+00
1.199183587383072069e+00
2.816341978924596923e+00
3.554494938879098065e+00
6.107777004204824500e+00
3.886146470346480974e+00
1.844126767075725981e+00
4.530588266131877262e+00
2.704105421291057798e+00
3.539574988297840896e+00
5.487713806086453872e+00
2.789664030691773267e+00
1.171879467361306659e+00
3.912282458200352142e+00
3.519708352506337068e+00
1.854513469218257660e+00
2.213970985879182507e+00
3.621136910892908123e+00
3.218607232865601908e+00
9.103546713341592600e-01
2.061709772667958962e+00
3.941710407815237183e+00
3.600132921127463526e+00
2.461687014178050248e+00
2.895306600860634294e+00
4.000279957562991484e+00
7.664887633025152525e-02
2.067850664472344668e+00
2.321840625275665815e+00
8.784329064870963766e-01
5.798898087937236490e-01
1.680282471919592346e+00
3.819761906356504255e+00
2.849655266256287955e+00
2.511250919328718911e+00
1.381932423495537243e+00
3.764913265399208342e+00
2.114178292656628155e+00
9.124391455260221218e-01
2.230384468098711714e+00
1.013248987190005224e-01
6.774977354695179699e-01
4.969564001209667570e-01
4.182924757161068374e-01
1.631370884477461480e+00
7.376152914769729119e-01
2.582394177818874592e+00
2.854449051723161102e+00
2.107926335955910169e+00
2.538460742303488615e+00
9.330008891819565608e-01
3.949435148889626213e-01
2.144731770495549750e+00
2.472712886547792976e+00
2.333052928800036341e+00
1.159252540468969528e+00
5.927400900328891886e-01
8.291540181589516223e-01
1.456117970388808969e+00
1.078368997097711945e+00
1.655948433573746437e+00
1.901929903774264297e+00
1.441672096821426496e+00
1.191228487878467135e+00
4.714437712050626450e-01
1.318010413292017180e+00
3.038377275804723610e+00
1.091783156934730048e+00
1.838843770581805037e+00
1.768477779088123425e-01
8.722347623565521735e-01
1.038177954894841548e+00
2.247779547071545370e+00
8.142776246391527639e-01
1.190448053714630916e+00
1.230036681516863961e+00
1.036778704565770370e+00
2.061453098416299867e-01
1.191681534769914119e+00
1.263371620276423579e+00
3.970747432715043823e-01
1.221819483362984959e+00
4.372635387177954414e-01
3.460558097391908117e-01
3.820424486212371518e-01
1.175196675300713922e+00
3.955489221100285668e-01
9.543631330017513514e-01
5.868011873513367949e-01
8.559432969290858839e-01
1.555039184663291607e+00
3.808200880418880496e-01
3.630621884104749952e-01
3.134148029541683478e-02
3.007139434785466303e-02
3.175014752616443503e-01
6.810452937055795353e-01
1.128835256628577532e+00
2.084898824712456022e+00
1.401533351251250892e+00
1.915228518039093775e-01
8.893255985496921756e-01
8.723299923849625603e-01
1.032543632623013297e+00
1.075324615554649643e+00
1.653543624630926523e-02
5.705130998965163291e-01
8.407767378479127363e-01
1.504220544423543471e-01
9.057220943370534183e-01
1.808870970156008617e+00
4.863130695552260185e-01
1.746879041154450474e-01
4.182082998301894783e-02
6.823448901468591732e-01
1.527951105413251076e+00
8.912019068683728618e-01
1.131829469002350708e+00
6.890459548598554251e-01
1.441783473265120685e+00
3.539059571968973805e-01
9.326757763349726726e-01
2.967734105496921959e-02
5.322325345783749384e-01
6.046518935316805843e-01
1.644136110965874475e-01
5.305659040505098512e-01
4.835120153256109443e-01
2.433333311897980245e-01
7.489589785205361672e-01
1.715397182343886273e-02
2.788731153832184617e-01
7.212752273055139662e-01
1.147966053143322895e+00
9.593983032724895388e-02
2.187704981504446367e-01
5.679801826520969321e-01
1.967962620500397497e-01
1.155446329407174011e-01
1.075376998243033899e+00
2.380949732782791095e-01
4.109050364025215174e-01
2.076468657449486721e-01
4.083182592254174237e-01
2.516155392087388032e-02
9.895455894829641164e-01
3.932622796702381907e-01
5.033857128365353262e-01
2.466533284827399641e-01
6.033262189854072810e-01
7.487337167406818428e-02
1.378572071144643918e-01
6.053741674565226161e-01
7.293241543202437782e-01
5.478147486508108122e-01
2.876351924271868810e-01
3.014774576419013696e-01
1.075849192081881622e-01
1.121818748985504266e+00
5.046740787624946767e-02
1.047416181702267857e-01
4.185383226411018565e-01
9.965821613704919923e-02
8.744568737255278279e-01
4.851814533529777429e-02
2.310430269688513172e-01
5.800053824807904768e-02
4.177105784857656490e-01
6.572569902490779103e-01
4.020626367820965275e-01
1.367230857327658700e-01
4.353742923394360864e-01
5.639617479264218414e-01
1.938055903785060874e-01
3.505144941881181697e-02
6.477102173902138382e-02
4.310168103288299912e-01
8.506598529765614369e-01
1.221459756060450930e-01
4.950767369060048162e-02
4.865179918450512342e-01
1.243036444072369295e-01
9.078168153080018454e-02
5.124457670595317094e-02
7.539922323367806434e-02
3.235728822299223095e-01
2.911106875594081100e-01
3.329874879140913846e-01
3.848150700863942064e-02
2.297350026811513790e-01
5.146821350696795250e-01
2.282646859974185594e-01
2.503446383616967363e-01
5.051426918086427964e-01
3.991235797433957400e-01
6.403679542316657869e-02
