6.063056476083691086e+04
6.716948068321029132e+04
7.370259601761643717e+04
8.001014975577454607e+04
8.585406253613209992e+04
8.920896394127815438e+04
9.254943745032069273e+04
9.500010047295830736e+04
1.005529965156710678e+05
1.005154014412960678e+05
1.004476447558964865e+05
1.028181243566074409e+05
1.031681187005191459e+05
1.012339179477499420e+05
1.039189221080599818e+05
1.011538940012361563e+05
9.984165474776324118e+04
9.964567025409257622e+04
9.676370183436248044e+04
9.561860462641560298e+04
9.396148079182638321e+04
9.100555944154968893e+04
8.915066859840680263e+04
8.690857959909824422e+04
8.488345060071231273e+04
8.593248823395388899e+04
8.094959672716815840e+04
8.140563706140837166e+04
7.733948233974841423e+04
7.372711959122182452e+04
7.288947488209432049e+04
7.206084579784606467e+04
6.913530254538492591e+04
6.761397459143665037e+04
6.737271501075710694e+04
6.438936634122031683e+04
6.035362594029996399e+04
6.142459465284700855e+04
5.828800872861000244e+04
5.734478690816560265e+04
5.396855727405204379e+04
5.358005130508145521e+04
5.246306811178704811e+04
5.110132113333902089e+04
4.981248667552870029e+04
4.739533011942083249e+04
4.756014552344739786e+04
4.405672966150410502e+04
4.426310782601611572e+04
4.355085430616550002e+04
3.986690028044764040e+04
3.965682718470336840e+04
3.986798077070184809e+04
3.920133557331941120e+04
3.835975415685438202e+04
3.678311012977368955e+04
3.715104294482041587e+04
3.593413872527471540e+04
3.341257386487120675e+04
3.278490588554929855e+04
3.329792776620414952e+04
3.219986371963019701e+04
3.128445658666059535e+04
3.032607685434423911e+04
2.858876517033718119e+04
2.987581694705960035e+04
2.726148101174733165e+04
2.657597236843835344e+04
2.564921386077782881e+04
2.476854154469490095e+04
2.530615933348705585e+04
2.427913242989404534e+04
2.411944076623196815e+04
2.321489428750445222e+04
2.209509944593804539e+04
2.239935332578286398e+04
2.163202872706779090e+04
2.046092863261167804e+04
1.943655102434434230e+04
2.027865179162591085e+04
1.967183270305824408e+04
1.838178208223153342e+04
1.825950064260474755e+04
1.785920589734408350e+04
1.861552047096513706e+04
1.749451815864212040e+04
1.831424635804885838e+04
1.782099359923412703e+04
1.649231928546074050e+04
1.584688845602048241e+04
1.582034321363369600e+04
1.526959164442284055e+04
1.502469615554307529e+04
1.474745903534141871e+04
1.486362971782377099e+04
1.351962935769694013e+04
1.342907907086149680e+04
1.327823443824792776e+04
1.330424561022506714e+04
1.262976893670321806e+04
1.128910748174084983e+04
1.226092741548341655e+04
1.267104638236139544e+04
1.149321086107269912e+04
1.162630069081391412e+04
1.065623192448886402e+04
1.077628209632292783e+04
1.039882721244147251e+04
1.084861445647303663e+04
8.897481229802142479e+03
1.032420019799777219e+04
1.040913944559971969e+04
9.929550933562642967e+03
1.070039744163557953e+04
9.855785011190413570e+03
9.614048694702038119e+03
8.618767338887615551e+03
8.881875427769893577e+03
8.538152816561985674e+03
7.954393411898763588e+03
7.874882235032061544e+03
8.010493476601763177e+03
7.677851428526481868e+03
6.660401792332652803e+03
6.814263509956545931e+03
7.082533204721315087e+03
7.207462250665498686e+03
6.269900550005204423e+03
5.952542155554433521e+03
5.973501166299523902e+03
6.022085913284743583e+03
6.885547289247526351e+03
7.418495640964277300e+03
5.577996756394445583e+03
5.935799712271288627e+03
6.199832912777033016e+03
5.193532878981900467e+03
5.400479377696316078e+03
5.922964423247723971e+03
5.366464958482251859e+03
5.750211324631467505e+03
5.939272735235721484e+03
4.870236804937030684e+03
4.899621688513702793e+03
4.858307830875263789e+03
4.753213334917574684e+03
5.511877165333498851e+03
4.973260346900537115e+03
4.800342658919464156e+03
3.970079966711213274e+03
4.284014516289215862e+03
4.516764547375116308e+03
3.943306947395900806e+03
3.673128647464825917e+03
4.295535898399763028e+03
4.019122531736981273e+03
3.740219004920477346e+03
3.342490640199822337e+03
3.954450972722759161e+03
3.660094787545423969e+03
3.741054749707147494e+03
3.881405939351583584e+03
4.097489524332950168e+03
3.250391619338297460e+03
3.892832013653328886e+03
3.929249290579548870e+03
2.848422099780585995e+03
2.828513215790987488e+03
3.483716071521501817e+03
3.129992262480714999e+03
2.810363501668995923e+03
3.021402361090853901e+03
2.668098452240102688e+03
2.998468248710390526e+03
2.813079987337898729e+03
3.176695969434690141e+03
2.996703649566342847e+03
2.502911977068728447e+03
2.711712406107584684e+03
2.287978802185532913e+03
2.536499182928049322e+03
2.326473453527322818e+03
2.368749808339280207e+03
2.713162925339736375e+03
2.627429204797979764e+03
2.274546473503643483e+03
2.511656372189408103e+03
2.131346836410254582e+03
2.399865761709620983e+03
2.311062693791759102e+03
1.748477363804672905e+03
2.591713891184016120e+03
1.674259101607310640e+03
1.934917271443515119e+03
2.195084970603557849e+03
1.970866911175683072e+03
1.788472219272038501e+03
1.799037658811979327e+03
1.843486732965387318e+03
1.543687635646994522e+03
1.709435264756084962e+03
1.715720767012628357e+03
1.793090653784330470e+03
1.783337747007159805e+03
1.687620316567061536e+03
1.465354475508426503e+03
1.477600055382318033e+03
1.587260894173330826e+03
1.787373240235442609e+03
1.384556736397816167e+03
1.447933612081061938e+03
1.933924000675394382e+03
1.422959848912816369e+03
1.300600348917932479e+03
1.670600658002090540e+03
1.681781090796055423e+03
1.303321679952308841e+03
1.540227520791366942e+03
1.411060666569669138e+03
1.431214153686804138e+03
1.168356899099673910e+03
1.099860440259174993e+03
1.456413104289193598e+03
1.003407382378480975e+03
9.511167030354899907e+02
1.134196993473859720e+03
8.685098692216965901e+02
1.170297171594505926e+03
1.175513889166898707e+03
1.052518772362647496e+03
7.204488006930854453e+02
1.115566112316594626e+03
1.069512443550853959e+03
6.945066871312900503e+02
8.994687714029928429e+02
1.105967380140967862e+03
9.277032384717958848e+02
1.021252519378598549e+03
9.813334488656157646e+02
8.266075100059110810e+02
5.766032184622494015e+02
1.057549965786012990e+03
9.960724100352940695e+02
7.598227027120685761e+02
6.195584388936707683e+02
9.361373056471155678e+02
8.814686851500437115e+02
8.707428789692183955e+02
1.766102876241912099e+03
1.005667395564395179e+03
7.621624850177194048e+02
6.672038745368972741e+02
9.444500360674370540e+02
6.163127989460451772e+02
5.068557576551548323e+02
1.047285389199256088e+03
4.261345381400537349e+02
3.712237251759751189e+02
1.010717604798270941e+03
6.198121089517476321e+02
5.009937458185029868e+02
8.963478410629337532e+02
5.846997321448600360e+02
6.178995874501672461e+02
4.591695193703367863e+02
5.420223412090498414e+02
7.998475901867177527e+02
3.323611266389114007e+02
4.924856375961203980e+02
2.668365398484611433e+02
5.644681990931114797e+02
6.663799780604206262e+02
6.206266518928019877e+02
2.253713372056863307e+02
5.722473631623809069e+02
1.386349102264856299e+02
7.472403226856999936e+02
6.196155388310960461e+02
4.675469693729301639e+02
7.263284009992347592e+02
2.649172868460916561e+02
3.327705147713326710e+02
5.588601816276484442e+02
2.361232302891985171e+02
5.086280016078213748e+02
4.984577129746924697e+02
6.568508056874259182e+02
5.094155062748128557e+02
1.826851023833272905e+02
2.724031927192716012e+02
4.940518777392452989e+02
1.974234250356579707e+02
4.841517367741444104e+02
0.000000000000000000e+00
2.264880237169141424e+02
1.299693048005977118e+02
2.427713807612387598e+02
3.212946784109453233e+02
2.696717239138206423e+02
3.750173888581711026e+02
3.514632913140015376e+02
2.881329690418601217e+02
6.386177881071458273e+01
7.592807017828309313e+01
1.290158954727737068e+02
3.957274567814801003e+02
3.860853673905264145e+02
2.818517075371515830e+02
0.000000000000000000e+00
1.581841400755164102e+02
1.323076189058157013e+02
1.535704368484677502e+02
2.844154393683255648e+02
2.662977061320752341e+02
2.574316818172453623e+02
1.370667518452632407e+02
2.837840162073963484e+02
2.768554913493226195e+02
3.671481889453751251e+02
3.262616948841567819e+02
1.998630349126959516e+02
1.373405757055568301e+02
2.041212436694282530e+02
2.111415110925558452e+02
1.506162641998762695e+02
2.121809839895624066e+02
2.811942300174814022e+02
2.736509538214332338e+02
7.075016429682958119e+01
1.370226152723167843e+02
2.848682565376412867e+02
0.000000000000000000e+00
3.016981624372392048e+02
0.000000000000000000e+00
1.392781967463326680e+02
1.407679115735551818e+02
1.616377799917426898e+02
5.836637130518608529e+01
2.339304567604692124e+02
8.346411614158442660e+01
0.000000000000000000e+00
1.513721311708574717e+02
0.000000000000000000e+00
7.698979664068447448e+01
7.383067020974367267e+01
3.053415831824557358e+02
0.000000000000000000e+00
2.461370174096142307e+02
7.109317409618707018e+01
0.000000000000000000e+00
0.000000000000000000e+00
3.268251163588112149e+02
7.123807140194028875e+01
9.098094721591864698e+01
6.811761404427750222e+01
0.000000000000000000e+00
0.000000000000000000e+00
0.000000000000000000e+00
0.000000000000000000e+00
7.883354854554077917e+01
6.364380432309467039e+01
6.377944158181114176e+01
8.398294363844055965e+01
1.522393772712528630e+02
8.239374232774376594e+01
0.000000000000000000e+00
0.000000000000000000e+00
1.026221163708226527e+02
1.593414168679310876e+02
8.417979807665165026e+01
