2.480365245805985452e+01
3.001384763180072923e+01
2.644525150557210580e+01
2.612542662313344977e+01
2.652530630223656161e+01
3.337445846018903239e+01
2.715791081675061491e+01
2.469286144378054360e+01
3.438140566673670406e+01
4.204559746586357960e+01
2.468321164604392237e+01
3.426959204688134264e+01
3.155452870448365132e+01
3.683666524640830886e+01
3.648080062923152411e+01
2.344828192461197602e+01
3.120846653325105891e+01
2.337592983979119410e+01
2.616684749264785737e+01
2.666176271651212204e+01
2.245648225201523118e+01
1.869123359860637379e+01
2.581470257173900507e+01
2.386519767264510961e+01
2.040139539061630103e+01
2.115233123979732710e+01
1.884221030476002312e+01
1.800856267233781693e+01
1.939069370278073734e+01
1.905423444412514300e+01
1.910174090480561659e+01
2.067519349107255167e+01
1.418714450844173847e+01
1.695118668551475949e+01
1.894407424052749178e+01
1.537251755659780272e+01
1.113040988609907700e+01
1.614681236318938318e+01
1.154304153995447813e+01
1.476100126668620405e+01
1.663257335910873635e+01
1.272861089799867251e+01
1.170217889371820874e+01
1.267387862778036123e+01
1.245246098882890351e+01
1.221446627510642458e+01
1.094896847697217268e+01
7.802993274927009892e+00
1.182833712014948446e+01
8.593102751754335245e+00
1.135692982090325032e+01
9.516872032077412058e+00
6.293851878936231437e+00
7.912195696419979996e+00
8.322125104044323152e+00
9.004080826436966944e+00
6.632469251336717164e+00
6.818544331584218909e+00
2.791638594094594250e+00
8.345201650726018272e+00
5.145646966293078606e+00
3.706519550253565054e+00
7.371984663991034026e+00
2.147540063293021717e+00
7.549059644162479543e+00
4.599108314921527274e+00
2.043939084815919571e+00
6.131165821113219394e+00
3.356164535379844160e+00
5.815201807620786312e+00
6.760120514113989287e+00
3.610379995801251685e+00
4.826435662491896927e+00
4.810253879109913200e+00
3.421771288887866636e+00
4.425159764371677795e+00
4.457862892303299240e+00
4.977193243973302650e+00
3.102771318403240386e+00
3.834820115531337947e+00
3.907050493337797636e+00
4.717084802879132788e+00
3.339521560989068938e+00
2.660432443809132685e+00
5.326620769634867081e+00
1.072005908576896260e+00
2.003416410724349728e+00
3.955812633029753833e-01
1.823172892867126471e-01
1.894421383288658944e+00
1.481326559619603911e+00
3.152574731044981426e+00
2.468816299434096528e+00
5.100839792987729382e+00
1.646423345938021532e+00
2.133255517676714064e+00
2.765117999252916903e+00
1.839574781018912031e+00
3.029554362803758227e+00
1.385333190644387980e+00
2.857130784783976196e+00
1.530353113035601620e+00
1.752127026317333414e+00
2.190714525248268707e+00
1.787063963930164867e+00
2.798769534150320482e+00
1.146935884749965107e+00
2.517907426904228974e-01
1.436525214051690869e+00
2.012509220455404702e+00
1.674610774972583371e+00
3.759639462063082416e-01
7.687150098964492528e-01
6.672004845216609192e-01
1.867396904026729310e+00
1.581906069665905079e+00
2.162676442919308606e+00
6.207896520270856922e-01
8.371361697588766138e-01
1.242559560173150501e+00
1.175090406867706605e+00
8.275251447276270600e-01
1.980033206127678636e+00
1.830683115437102160e+00
1.387944318411972411e+00
1.651152861231408586e+00
8.044772876568762054e-01
1.125392127496170680e+00
1.369639826513653125e+00
1.291967149289927619e+00
1.824423972720853548e+00
4.311859075937023444e-01
4.903077931348936436e-01
1.094938295086257174e+00
9.982126863991760413e-01
8.311291687116892923e-01
1.532329011607036495e-01
7.611087609271516286e-01
3.800132412575152330e-03
7.111651334891682108e-01
5.968258324966980721e-01
5.553494742673146245e-01
8.313183537009121160e-01
3.977375844406144112e-01
1.432201330456732480e+00
6.795863990929018605e-03
1.365662074736671006e-01
6.057030723855335586e-01
1.785360288141567775e+00
5.945097139610877601e-01
7.348260790012537402e-01
1.721864585949051119e+00
1.129036838393379316e+00
6.329631661630150674e-01
1.865196768374945746e+00
9.382902410711450036e-01
1.251285626699735198e-01
7.517325118995143995e-01
1.067646300220267852e+00
2.852789865743687869e-01
5.179623333302391108e-02
4.297328276900064803e-01
3.160140802934169879e-01
6.707582100203148823e-01
1.018176220318465441e+00
5.637678993369216185e-02
5.425148092301903535e-01
6.470041226164912063e-01
4.414764261554830482e-01
6.316583666093439353e-01
4.893110371452461527e-01
1.924447830827416828e-01
4.192600152430115967e-01
4.056540259960251804e-01
6.806855308791491810e-01
4.658568329980194989e-02
3.073470370256083939e-01
3.948845458416407328e-01
4.790155566471243631e-01
2.212950641840159827e-01
2.068722394635046369e-01
5.119505620986321004e-01
2.792319523089197286e-01
5.563823286090696651e-02
6.156840851238811752e-01
9.938087042694979112e-02
6.699879134683031090e-01
2.937096769995797274e-01
5.697814415217922202e-01
1.111585966556916105e-01
2.977268993412847398e-02
8.413908326775149105e-02
1.212490535787301982e-01
6.883252108259094171e-02
6.588718355128176940e-01
5.109310127455507500e-01
7.059089139492878695e-02
7.976741753528012735e-01
2.615569806831079536e-01
2.752480823272003829e-01
1.985215913207544203e-02
3.635339328360829292e-01
1.971470572458577375e-01
1.965620893824715498e-01
3.014847371232101114e-01
3.622550017840974190e-01
2.000435269806027372e-01
6.398322676156866784e-01
1.344826352076461395e-01
1.095287476113544350e-01
1.107017655608751455e-01
1.378417621327660547e-01
3.782657349481461928e-01
6.343470247876319135e-02
3.712553042622579458e-03
2.689048281874647506e-01
4.620408304812777533e-01
1.823933391986248820e-03
2.549684459476246334e-01
1.552434589502785789e-01
3.967489172617510440e-01
4.384077840578765040e-01
1.094998166122469613e-01
5.048098419452254904e-01
1.686057774387102470e-01
4.768174390859651335e-01
6.603344074495743898e-01
1.099080021909537297e-01
1.324755786100960120e-01
1.621050448701887858e-01
2.009440732914410943e-01
5.370864817774944067e-01
4.101710294447557387e-02
2.566082951414091484e-01
1.991826970803068364e-01
2.429478213744654669e-01
2.183720573064715786e-01
1.264103562909781597e-01
1.562162280336052977e-01
2.226831024158541505e-01
4.721508138072648686e-01
1.705277399931193483e-01
4.567818819457387658e-01
1.395382519747944694e-01
2.746456732590925598e-01
1.712812457491962870e-01
2.064004879979742801e-01
3.837878884015086256e-01
4.248718528576523462e-02
5.884069915020989638e-02
1.528175273009134416e-02
5.930317878980510826e-02
1.579113206358722377e-01
2.258284890198129780e-01
4.899635580276420765e-01
3.115796405325878954e-02
3.073277679447796729e-01
7.116681417071524240e-02
5.577265450188284568e-02
7.406891535062812282e-02
1.586599496172227397e-01
1.343105822595507537e-01
1.575142435587456591e-02
4.075367898989485926e-01
6.245520908982553354e-02
4.030460909464321784e-01
3.014321421019089051e-02
2.743281955039119091e-01
7.384013656377733104e-02
2.104674712259105643e-02
1.749839835825355849e-01
3.293217135665706813e-02
3.323043217604493976e-02
1.392237479379218046e-01
2.498515495040335432e-01
1.218262576165283773e-01
2.896212960152142468e-01
2.499281384859148858e-01
5.488984311614576034e-02
3.585146093145481772e-02
8.833560620831121257e-02
1.149999111840369903e-01
2.726592120380403467e-02
3.830160002036177569e-01
7.901853036024983346e-02
7.075716089055295033e-02
4.440307545811267298e-02
2.260967666603617143e-01
2.356692998037930864e-01
2.568527639603089829e-01
1.519974479099337195e-01
9.111125044822257490e-02
6.120087962008552429e-03
2.664801215027479478e-02
1.121486347771517844e-03
2.489115146923570054e-01
3.785308550680960282e-03
7.659213471589872146e-02
1.633918445922287466e-01
1.516506694548474393e-02
1.151375615555252502e-01
4.048527754530113765e-02
7.344057569377411554e-02
2.488713262893869627e-01
1.883236457711764955e-02
1.485504758955193821e-02
5.494827546110418737e-02
1.459448219960593762e-01
5.351819613426605365e-02
5.753499218924175429e-02
1.601575473144973838e-01
1.678979356699324965e-01
9.555671846358859689e-02
7.146160337096579829e-02
6.141577242361025146e-02
3.079146551580037514e-02
1.699747375539713834e-01
3.053912835701940581e-03
1.755624903435340223e-01
1.231748697578046448e-01
3.926516971997271593e-02
4.333043373285593025e-02
6.764125543042205646e-02
1.046135875284618377e-01
8.646838998932479536e-02
4.377169871957131003e-02
5.905165943001038087e-02
6.145824948139220339e-02
8.632580023004508829e-02
7.983616770663690132e-02
1.315115593912284386e-01
1.680374699765310453e-01
1.306905988399371110e-01
7.691281678210708239e-02
1.604077556591223808e-01
2.743134446090029349e-02
9.830100219670950823e-02
3.495097926599156912e-02
2.116854726250504415e-01
2.275715336958927110e-03
2.045411273339030056e-01
5.212563215876916956e-02
2.445737213453364617e-02
2.080678512634261818e-02
6.190518602806984599e-02
8.561294793771805078e-02
1.507854357444179116e-01
8.093676188310575115e-02
2.936383458629273496e-02
3.221574876496541284e-02
4.071093366794346219e-02
7.971851432160104861e-03
1.463661574628111195e-01
1.216360556939918569e-01
3.719278982695913005e-02
1.236618998206668735e-01
1.287455832061413230e-01
2.031429180572690008e-01
5.737903978955815470e-02
1.093897707547675235e-01
5.347874691829324068e-02
9.844810391909376845e-02
3.478044239009203675e-02
5.481751916610673458e-02
1.468342577817048633e-01
2.554762346536045003e-03
4.195062442362948452e-02
6.760464699563668856e-02
7.030095056088137007e-02
1.183621076029722635e-01
