5.442739098460585012e+01
4.887781621727580728e+01
6.075368432222985859e+01
6.324063572103087694e+01
5.975687157471839583e+01
6.342190722781145951e+01
5.961528637549201193e+01
7.615341173648550921e+01
6.305802443875243313e+01
6.697170176716480228e+01
6.438285505846187107e+01
6.491488504450612140e+01
7.152513832425856322e+01
6.921026604698627693e+01
5.798760022892527388e+01
6.200385234054947148e+01
6.166704365762866757e+01
7.545460019456550071e+01
5.140345461521242498e+01
6.068148610353608063e+01
5.031428582490836021e+01
5.332425466874117603e+01
4.985547579909679428e+01
5.281504946718526128e+01
4.994613224753073411e+01
4.614390666667092944e+01
4.809700178848247276e+01
3.868190687340337774e+01
4.308772781916003680e+01
3.880521465515170121e+01
3.625112291104529305e+01
4.170792855821800060e+01
3.898260808589040494e+01
3.094218965327191384e+01
3.452949041993819890e+01
3.156213423931015072e+01
2.751236508924520052e+01
3.161249834046734719e+01
2.826390364428583268e+01
3.060249320686254038e+01
2.711388718266163167e+01
2.525902502324670706e+01
3.165727480926713255e+01
2.914239702887823924e+01
3.219234384109299185e+01
2.684210685842994337e+01
2.231496168778171807e+01
1.442335881243354123e+01
1.735486511363086493e+01
1.840772924165265323e+01
1.556098045472160862e+01
1.507375015245059480e+01
1.546240480907353820e+01
1.681686582470675972e+01
1.729159717066656299e+01
2.029693354796631155e+01
2.022106686682839793e+01
1.490809700038137287e+01
1.596195355102364388e+01
1.516795186635122406e+01
1.012429709557515700e+01
1.021557269746802099e+01
1.486126050798170084e+01
1.669555216896384664e+01
1.046036955776476063e+01
1.228171131188128129e+01
1.183276362532487802e+01
1.563983534261669561e+01
1.338043063043902237e+01
1.194053213451579865e+01
1.082936459791892858e+01
8.866485670347358905e+00
9.654773812619687590e+00
5.962111234829933437e+00
8.698549328540606140e+00
1.044517609450151774e+01
1.208070421663455107e+01
7.803040259620551922e+00
8.254371126810376325e+00
4.132985976680441986e+00
7.293974274069761066e+00
1.093081478201922607e+01
7.371651666307924344e+00
4.223224034542502281e+00
3.953613658321899038e+00
5.737623553065047233e+00
6.950564528083639004e+00
2.742007778140227447e+00
6.731441253614227627e+00
5.810605460751949281e+00
2.368191705328734908e+00
3.324340512948498194e+00
5.313763955310085940e+00
4.190378608738098976e+00
4.971395750766379074e+00
4.038013358918085771e+00
4.826117583032479175e+00
5.488683416503677748e+00
5.053266397027774026e+00
5.016878751525645441e+00
4.583119988842653925e+00
4.386364198331166087e+00
4.280340013743400007e+00
4.367387407888022821e+00
5.712996061717885432e-01
4.060617918127578108e+00
6.901463601901325795e+00
4.035324154379860140e-01
8.134328650471611688e-01
1.338062178532803070e+00
4.291426888305743148e+00
1.437370106799478409e+00
2.185583970454611613e+00
2.416200621688513905e+00
3.283095827025340530e+00
2.261426806063667083e+00
3.071071716607201907e+00
3.020431592758714423e+00
1.503623295916933778e-01
2.404093654982971451e+00
8.591431879054796106e-01
8.270883910511945825e-01
3.533339627839091612e+00
2.229938191841437600e+00
4.533950299058850497e+00
2.565841968635218073e+00
4.789799810539353331e+00
2.867106788969796760e+00
2.849098210389853669e+00
2.336528881868977336e+00
2.175529934789030229e+00
9.045513376531045813e-01
9.595319376179968218e-01
2.709796358747171396e+00
1.508930848914983969e+00
2.065749740566510395e-01
1.066999646760640630e+00
1.106123422538766388e+00
1.055496426795341947e+00
1.774776959965114420e+00
7.329316195044940363e-01
1.916260090289400697e+00
7.844949668115912544e-01
8.073142986393772036e-01
9.853941532778085488e-01
1.233677183458378401e+00
1.499132698437015909e+00
1.847894363216615154e+00
1.159375246283575134e+00
7.153419890038511531e-01
9.323321310288898989e-01
1.907116140736991650e+00
1.966098385037127194e+00
6.857303710573620092e-01
2.589462884440679957e+00
3.214310341984688568e-01
2.005368089389123476e+00
5.629855425712751993e-01
9.709105245375770910e-01
9.904660320008316088e-01
1.304592722438747909e+00
6.803057583277638543e-01
3.340080411595390819e-01
3.443716365233414622e-01
1.205003719303679777e+00
2.207768189152973015e+00
8.545622250475100046e-01
6.728677320945066764e-01
1.277371445072843059e+00
4.410195523476994062e-01
6.849607519878397888e-03
1.224592361123157946e-01
9.342147205438349200e-01
1.799522718759750006e+00
3.046765768628424409e-01
1.301047418254915433e+00
8.591987189441250283e-01
2.855251626107049856e-01
1.619198740598235320e+00
8.418053876524276280e-01
4.418959786015793645e-01
2.385394568744961585e+00
1.059121087167038899e+00
1.138514896975189705e+00
5.213693727582691118e-01
4.432469547331141513e-02
9.288418917198671965e-01
4.589789714010340527e-01
8.495806561579036797e-01
5.611305122297030046e-01
3.864307803392661445e-01
8.662888680676003039e-01
7.115446981604778287e-02
7.993043292918264320e-02
1.362012775952883503e+00
7.392277643692430900e-01
9.295039095392793049e-01
6.141858402899036395e-02
1.278517242962051714e+00
6.259209663628011455e-01
3.044535489909474535e-01
1.932032480074823699e-01
1.353438995419256052e+00
2.077300399448878676e-01
5.989516839289297234e-01
9.058343298235849161e-03
7.613903573301341599e-01
8.426445709885517221e-01
3.822114097922545417e-01
1.062863382558999703e+00
5.987251246320972609e-01
5.167640548432491654e-01
8.356804168538646271e-01
6.608484577100883772e-01
9.738314949701256662e-01
3.618910147860813220e-01
1.128998473801961833e+00
3.648954871174645564e-01
3.878019400597141342e-01
4.260723238116544964e-01
8.747973350403590587e-01
3.622486596853791152e-01
6.509391928748031741e-01
4.445529248101266484e-01
1.028220521753085981e+00
4.501209672846351317e-02
2.904347527820645980e-01
3.664372121112149938e-01
1.919855119247995956e-01
1.321328380300496041e-01
2.334669255492260176e-01
4.606263182990061322e-02
3.256197213674872915e-01
5.401817222583163991e-01
8.040611521953180407e-01
4.423183622742046794e-02
2.928917296098057510e-01
8.160512722531326757e-01
1.380153641525264929e-01
4.201437365903206156e-01
7.560394828782892596e-01
7.775898455044389923e-01
5.727436909527042763e-01
5.507367085688508190e-01
7.547195530884109882e-02
5.704223274266473354e-01
6.055087414662381207e-01
5.074755601455023246e-01
1.542617138759572459e-01
3.867866745854467436e-01
2.657564696317433195e-01
1.386854777407895423e-01
1.060279673331479544e-02
1.772474425811762511e-01
2.669383729126790783e-01
5.230716718913728247e-01
2.350409897448420826e-01
2.776113714393022569e-01
6.259691293838118287e-02
2.876743549239967890e-01
7.397987848211700079e-01
4.114112265366422494e-01
2.358963419672837625e-01
1.003867243514528218e-01
9.462603176450699871e-02
1.939705846059607275e-01
2.708461888768254888e-01
2.389062246506371001e-01
1.355816052019408469e-01
2.518337438842205983e-02
2.610158072822078568e-01
5.784355233192153278e-01
1.538132197062040407e-01
1.106553944210457441e-01
3.120227252050113143e-02
1.067883467074776938e-01
4.102918533747148544e-01
6.575624924185884124e-02
2.905665102552709017e-02
5.481147910912579357e-01
3.802796104962534729e-01
3.416619413472363198e-03
3.562741838267716177e-02
3.644467975616602629e-01
1.818119240701894790e-01
1.285140274317498887e-01
2.014648334309631916e-01
6.293504977564511327e-01
3.103189741224394727e-01
2.169223373098315977e-01
2.264213598794565796e-01
7.150297524585302877e-02
2.334778529323842111e-01
3.775949488956335531e-01
5.822573034385794544e-02
2.032981682117879219e-02
4.694828784349044937e-02
2.955789486471653849e-01
1.479112939360509582e-01
5.571962993075481041e-01
8.474838731517946033e-02
2.328266143791652143e-01
1.899270216279218548e-01
4.219737763789063040e-02
5.450339114117848383e-02
3.068867924931781982e-02
3.567170842780409412e-03
4.570830919737677717e-02
1.544588945498218402e-01
8.180614368872021758e-02
1.105558223175645421e-01
2.302500043331294488e-01
2.216081595901534806e-01
3.602043026506038942e-02
1.113833857302942709e-01
4.850937954916442751e-01
2.657741897987847546e-01
1.091340124837162084e-01
4.046780158305816055e-01
3.883464814880212002e-01
2.993722077945005777e-01
1.571002413402342868e-01
4.312609972503830824e-01
9.108908763751878690e-02
7.593955350265381432e-02
1.052241204651232775e-01
5.950254475841551538e-02
1.837586848094552305e-01
4.411868935331147296e-02
2.906607237895065254e-01
3.168414314632224393e-03
1.149321870821985447e-01
1.375188773597152969e-01
2.090212998330202854e-01
1.230067328744737232e-01
5.452868239575859449e-02
8.265858099263619085e-02
1.231759159097005341e-02
2.747399369886335818e-02
1.920999398903054378e-01
2.674904233131602527e-01
1.227954918262558204e-01
4.912302783975892873e-02
6.084482890426187729e-02
1.720947952955094729e-01
2.271887130128664653e-02
2.547295881530226569e-01
1.865461953810054196e-01
9.156240427137571358e-02
5.728465921367809077e-02
1.117809153143592554e-01
4.415868922038443389e-02
9.182048541799033015e-02
4.468266731032065342e-02
2.590715355148560592e-02
2.430148755404198391e-01
1.063790664163277166e-01
9.195718927483401139e-02
1.065831312385265572e-01
1.001186871602993689e-01
1.086352247251053393e-01
2.560168046137537012e-01
7.207172003940463811e-03
9.694966015026615369e-02
4.660142150930218774e-02
1.870741789710539671e-01
5.161390927635074732e-03
6.395155844402393430e-02
9.638157600948752193e-03
6.712576775202371004e-02
